# JRE version: Java(TM) SE Runtime Environment 18.9 (11.0.15+8) (build 11.0.15+8-LTS-149)
# Java VM: Java HotSpot(TM) 64-Bit Server VM 18.9 (11.0.15+8-LTS-149, mixed mode, tiered, compressed oops, g1 gc, windows-amd64)
Heap:
 garbage-first heap   total 191488K, used 29313K [0x0000000080000000, 0x0000000100000000)
  region size 1024K, 22 young (22528K), 13 survivors (13312K)
 Metaspace       used 51167K, capacity 52638K, committed 52864K, reserved 1095680K
  class space    used 6375K, capacity 6997K, committed 7040K, reserved 1048576K
GC Heap History (10 events):
Event: 3.068 GC heap before
{Heap before GC invocations=5 (full 0):
 garbage-first heap   total 157696K, used 24669K [0x0000000080000000, 0x0000000100000000)
  region size 1024K, 20 young (20480K), 3 survivors (3072K)
 Metaspace       used 20730K, capacity 21194K, committed 21248K, reserved 1069056K
  class space    used 2316K, capacity 2525K, committed 2560K, reserved 1048576K
}
Event: 3.078 GC heap after
{Heap after GC invocations=6 (full 0):
 garbage-first heap   total 157696K, used 9702K [0x0000000080000000, 0x0000000100000000)
  region size 1024K, 3 young (3072K), 3 survivors (3072K)
 Metaspace       used 20730K, capacity 21194K, committed 21248K, reserved 1069056K
  class space    used 2316K, capacity 2525K, committed 2560K, reserved 1048576K
}
Event: 4.125 GC heap before
{Heap before GC invocations=7 (full 0):
 garbage-first heap   total 157696K, used 58854K [0x0000000080000000, 0x0000000100000000)
  region size 1024K, 52 young (53248K), 3 survivors (3072K)
 Metaspace       used 26002K, capacity 26626K, committed 26880K, reserved 1073152K
  class space    used 3012K, capacity 3271K, committed 3328K, reserved 1048576K
}
Event: 4.142 GC heap after
{Heap after GC invocations=8 (full 0):
 garbage-first heap   total 157696K, used 12306K [0x0000000080000000, 0x0000000100000000)
  region size 1024K, 6 young (6144K), 6 survivors (6144K)
 Metaspace       used 26002K, capacity 26626K, committed 26880K, reserved 1073152K
  class space    used 3012K, capacity 3271K, committed 3328K, reserved 1048576K
}
Event: 5.534 GC heap before
{Heap before GC invocations=8 (full 0):
 garbage-first heap   total 157696K, used 77842K [0x0000000080000000, 0x0000000100000000)
  region size 1024K, 70 young (71680K), 6 survivors (6144K)
 Metaspace       used 30821K, capacity 31590K, committed 31872K, reserved 1077248K
  class space    used 3584K, capacity 3877K, committed 3968K, reserved 1048576K
}
Event: 5.554 GC heap after
{Heap after GC invocations=9 (full 0):
 garbage-first heap   total 157696K, used 13390K [0x0000000080000000, 0x0000000100000000)
  region size 1024K, 6 young (6144K), 6 survivors (6144K)
 Metaspace       used 30821K, capacity 31590K, committed 31872K, reserved 1077248K
  class space    used 3584K, capacity 3877K, committed 3968K, reserved 1048576K
}
Event: 6.949 GC heap before
{Heap before GC invocations=9 (full 0):
 garbage-first heap   total 157696K, used 61518K [0x0000000080000000, 0x0000000100000000)
  region size 1024K, 54 young (55296K), 6 survivors (6144K)
 Metaspace       used 34864K, capacity 35773K, committed 35840K, reserved 1081344K
  class space    used 4156K, capacity 4542K, committed 4608K, reserved 1048576K
}
Event: 6.970 GC heap after
{Heap after GC invocations=10 (full 0):
 garbage-first heap   total 191488K, used 15484K [0x0000000080000000, 0x0000000100000000)
  region size 1024K, 8 young (8192K), 8 survivors (8192K)
 Metaspace       used 34864K, capacity 35773K, committed 35840K, reserved 1081344K
  class space    used 4156K, capacity 4542K, committed 4608K, reserved 1048576K
}
Event: 10.857 GC heap before
{Heap before GC invocations=11 (full 0):
 garbage-first heap   total 191488K, used 120956K [0x0000000080000000, 0x0000000100000000)
  region size 1024K, 112 young (114688K), 8 survivors (8192K)
 Metaspace       used 49689K, capacity 51065K, committed 51200K, reserved 1093632K
  class space    used 6104K, capacity 6643K, committed 6656K, reserved 1048576K
}
Event: 10.898 GC heap after
{Heap after GC invocations=12 (full 0):
 garbage-first heap   total 191488K, used 21121K [0x0000000080000000, 0x0000000100000000)
  region size 1024K, 13 young (13312K), 13 survivors (13312K)
 Metaspace       used 49689K, capacity 51065K, committed 51200K, reserved 1093632K
  class space    used 6104K, capacity 6643K, committed 6656K, reserved 1048576K
}

