# JRE version: Java(TM) SE Runtime Environment 18.9 (11.0.15+8) (build 11.0.15+8-LTS-149)
# Java VM: Java HotSpot(TM) 64-Bit Server VM 18.9 (11.0.15+8-LTS-149, mixed mode, tiered, compressed oops, g1 gc, windows-amd64)
Heap:
 garbage-first heap   total 192512K, used 50519K [0x0000000080000000, 0x0000000100000000)
  region size 1024K, 31 young (31744K), 8 survivors (8192K)
 Metaspace       used 70692K, capacity 72715K, committed 73040K, reserved 1112064K
  class space    used 9171K, capacity 9985K, committed 10108K, reserved 1048576K
GC Heap History (10 events):
Event: 4.924 GC heap before
{Heap before GC invocations=8 (full 0):
 garbage-first heap   total 157696K, used 70045K [0x0000000080000000, 0x0000000100000000)
  region size 1024K, 62 young (63488K), 5 survivors (5120K)
 Metaspace       used 30252K, capacity 30947K, committed 31228K, reserved 1077248K
  class space    used 3510K, capacity 3791K, committed 3836K, reserved 1048576K
}
Event: 4.943 GC heap after
{Heap after GC invocations=9 (full 0):
 garbage-first heap   total 157696K, used 13526K [0x0000000080000000, 0x0000000100000000)
  region size 1024K, 6 young (6144K), 6 survivors (6144K)
 Metaspace       used 30252K, capacity 30947K, committed 31228K, reserved 1077248K
  class space    used 3510K, capacity 3791K, committed 3836K, reserved 1048576K
}
Event: 6.837 GC heap before
{Heap before GC invocations=9 (full 0):
 garbage-first heap   total 157696K, used 80086K [0x0000000080000000, 0x0000000100000000)
  region size 1024K, 72 young (73728K), 6 survivors (6144K)
 Metaspace       used 35090K, capacity 35995K, committed 36048K, reserved 1081344K
  class space    used 4196K, capacity 4565K, committed 4604K, reserved 1048576K
}
Event: 6.862 GC heap after
{Heap after GC invocations=10 (full 0):
 garbage-first heap   total 192512K, used 15796K [0x0000000080000000, 0x0000000100000000)
  region size 1024K, 7 young (7168K), 7 survivors (7168K)
 Metaspace       used 35090K, capacity 35995K, committed 36048K, reserved 1081344K
  class space    used 4196K, capacity 4565K, committed 4604K, reserved 1048576K
}
Event: 9.805 GC heap before
{Heap before GC invocations=11 (full 0):
 garbage-first heap   total 192512K, used 103860K [0x0000000080000000, 0x0000000100000000)
  region size 1024K, 93 young (95232K), 7 survivors (7168K)
 Metaspace       used 47659K, capacity 48988K, committed 49104K, reserved 1091584K
  class space    used 5755K, capacity 6314K, committed 6396K, reserved 1048576K
}
Event: 9.836 GC heap after
{Heap after GC invocations=12 (full 0):
 garbage-first heap   total 192512K, used 20404K [0x0000000080000000, 0x0000000100000000)
  region size 1024K, 11 young (11264K), 11 survivors (11264K)
 Metaspace       used 47659K, capacity 48988K, committed 49104K, reserved 1091584K
  class space    used 5755K, capacity 6314K, committed 6396K, reserved 1048576K
}
Event: 11.586 GC heap before
{Heap before GC invocations=12 (full 0):
 garbage-first heap   total 192512K, used 92084K [0x0000000080000000, 0x0000000100000000)
  region size 1024K, 82 young (83968K), 11 survivors (11264K)
 Metaspace       used 58920K, capacity 60357K, committed 60508K, reserved 1101824K
  class space    used 7550K, capacity 8145K, committed 8188K, reserved 1048576K
}
Event: 11.622 GC heap after
{Heap after GC invocations=13 (full 0):
 garbage-first heap   total 192512K, used 23011K [0x0000000080000000, 0x0000000100000000)
  region size 1024K, 8 young (8192K), 8 survivors (8192K)
 Metaspace       used 58920K, capacity 60357K, committed 60508K, reserved 1101824K
  class space    used 7550K, capacity 8145K, committed 8188K, reserved 1048576K
}
Event: 14.423 GC heap before
{Heap before GC invocations=14 (full 0):
 garbage-first heap   total 192512K, used 121315K [0x0000000080000000, 0x0000000100000000)
  region size 1024K, 104 young (106496K), 8 survivors (8192K)
 Metaspace       used 68424K, capacity 70345K, committed 70608K, reserved 1110016K
  class space    used 8870K, capacity 9636K, committed 9724K, reserved 1048576K
}
Event: 14.465 GC heap after
{Heap after GC invocations=15 (full 0):
 garbage-first heap   total 192512K, used 27991K [0x0000000080000000, 0x0000000100000000)
  region size 1024K, 8 young (8192K), 8 survivors (8192K)
 Metaspace       used 68424K, capacity 70345K, committed 70608K, reserved 1110016K
  class space    used 8870K, capacity 9636K, committed 9724K, reserved 1048576K
}

