# JRE version: Java(TM) SE Runtime Environment 18.9 (11.0.15+8) (build 11.0.15+8-LTS-149)
# Java VM: Java HotSpot(TM) 64-Bit Server VM 18.9 (11.0.15+8-LTS-149, mixed mode, tiered, compressed oops, g1 gc, windows-amd64)
Heap:
 garbage-first heap   total 189440K, used 66176K [0x0000000080000000, 0x0000000100000000)
  region size 1024K, 40 young (40960K), 10 survivors (10240K)
 Metaspace       used 70177K, capacity 71659K, committed 71852K, reserved 1112064K
  class space    used 8563K, capacity 9141K, committed 9216K, reserved 1048576K
GC Heap History (10 events):
Event: 6.463 GC heap before
{Heap before GC invocations=8 (full 0):
 garbage-first heap   total 157696K, used 45284K [0x0000000080000000, 0x0000000100000000)
  region size 1024K, 39 young (39936K), 7 survivors (7168K)
 Metaspace       used 34895K, capacity 35648K, committed 35840K, reserved 1081344K
  class space    used 4055K, capacity 4327K, committed 4352K, reserved 1048576K
}
Event: 6.483 GC heap after
{Heap after GC invocations=9 (full 0):
 garbage-first heap   total 157696K, used 15018K [0x0000000080000000, 0x0000000100000000)
  region size 1024K, 7 young (7168K), 7 survivors (7168K)
 Metaspace       used 34895K, capacity 35648K, committed 35840K, reserved 1081344K
  class space    used 4055K, capacity 4327K, committed 4352K, reserved 1048576K
}
Event: 9.319 GC heap before
{Heap before GC invocations=10 (full 0):
 garbage-first heap   total 157696K, used 90794K [0x0000000080000000, 0x0000000100000000)
  region size 1024K, 81 young (82944K), 7 survivors (7168K)
 Metaspace       used 42783K, capacity 43706K, committed 43904K, reserved 1087488K
  class space    used 5003K, capacity 5397K, committed 5504K, reserved 1048576K
}
Event: 9.362 GC heap after
{Heap after GC invocations=11 (full 0):
 garbage-first heap   total 189440K, used 22711K [0x0000000080000000, 0x0000000100000000)
  region size 1024K, 11 young (11264K), 11 survivors (11264K)
 Metaspace       used 42783K, capacity 43706K, committed 43904K, reserved 1087488K
  class space    used 5003K, capacity 5397K, committed 5504K, reserved 1048576K
}
Event: 11.553 GC heap before
{Heap before GC invocations=11 (full 0):
 garbage-first heap   total 189440K, used 119991K [0x0000000080000000, 0x0000000100000000)
  region size 1024K, 106 young (108544K), 11 survivors (11264K)
 Metaspace       used 48691K, capacity 49787K, committed 49920K, reserved 1093632K
  class space    used 5832K, capacity 6289K, committed 6400K, reserved 1048576K
}
Event: 11.598 GC heap after
{Heap after GC invocations=12 (full 0):
 garbage-first heap   total 189440K, used 27374K [0x0000000080000000, 0x0000000100000000)
  region size 1024K, 5 young (5120K), 5 survivors (5120K)
 Metaspace       used 48691K, capacity 49787K, committed 49920K, reserved 1093632K
  class space    used 5832K, capacity 6289K, committed 6400K, reserved 1048576K
}
Event: 14.412 GC heap before
{Heap before GC invocations=12 (full 0):
 garbage-first heap   total 189440K, used 113390K [0x0000000080000000, 0x0000000100000000)
  region size 1024K, 90 young (92160K), 5 survivors (5120K)
 Metaspace       used 58476K, capacity 59799K, committed 59948K, reserved 1101824K
  class space    used 7274K, capacity 7785K, committed 7808K, reserved 1048576K
}
Event: 14.441 GC heap after
{Heap after GC invocations=13 (full 0):
 garbage-first heap   total 189440K, used 31470K [0x0000000080000000, 0x0000000100000000)
  region size 1024K, 9 young (9216K), 9 survivors (9216K)
 Metaspace       used 58476K, capacity 59799K, committed 59948K, reserved 1101824K
  class space    used 7274K, capacity 7785K, committed 7808K, reserved 1048576K
}
Event: 1994.985 GC heap before
{Heap before GC invocations=14 (full 0):
 garbage-first heap   total 189440K, used 133870K [0x0000000080000000, 0x0000000100000000)
  region size 1024K, 109 young (111616K), 9 survivors (9216K)
 Metaspace       used 69201K, capacity 70645K, committed 70828K, reserved 1112064K
  class space    used 8559K, capacity 9135K, committed 9216K, reserved 1048576K
}
Event: 1995.031 GC heap after
{Heap after GC invocations=15 (full 0):
 garbage-first heap   total 189440K, used 36480K [0x0000000080000000, 0x0000000100000000)
  region size 1024K, 10 young (10240K), 10 survivors (10240K)
 Metaspace       used 69201K, capacity 70645K, committed 70828K, reserved 1112064K
  class space    used 8559K, capacity 9135K, committed 9216K, reserved 1048576K
}

