# JRE version: Java(TM) SE Runtime Environment 18.9 (11.0.15+8) (build 11.0.15+8-LTS-149)
# Java VM: Java HotSpot(TM) 64-Bit Server VM 18.9 (11.0.15+8-LTS-149, mixed mode, tiered, compressed oops, g1 gc, windows-amd64)
Heap:
 garbage-first heap   total 157696K, used 5986K [0x0000000080000000, 0x0000000100000000)
  region size 1024K, 3 young (3072K), 3 survivors (3072K)
 Metaspace       used 20811K, capacity 21162K, committed 21296K, reserved 1069056K
  class space    used 2263K, capacity 2397K, committed 2432K, reserved 1048576K
GC Heap History (9 events):
Event: 0.733 GC heap before
{Heap before GC invocations=0 (full 0):
 garbage-first heap   total 131072K, used 7168K [0x0000000080000000, 0x0000000100000000)
  region size 1024K, 7 young (7168K), 0 survivors (0K)
 Metaspace       used 8800K, capacity 8966K, committed 9088K, reserved 1056768K
  class space    used 802K, capacity 839K, committed 896K, reserved 1048576K
}
Event: 0.743 GC heap after
{Heap after GC invocations=1 (full 0):
 garbage-first heap   total 131072K, used 3342K [0x0000000080000000, 0x0000000100000000)
  region size 1024K, 1 young (1024K), 1 survivors (1024K)
 Metaspace       used 8800K, capacity 8966K, committed 9088K, reserved 1056768K
  class space    used 802K, capacity 839K, committed 896K, reserved 1048576K
}
Event: 1.137 GC heap before
{Heap before GC invocations=1 (full 0):
 garbage-first heap   total 131072K, used 8462K [0x0000000080000000, 0x0000000100000000)
  region size 1024K, 6 young (6144K), 1 survivors (1024K)
 Metaspace       used 10414K, capacity 10533K, committed 10880K, reserved 1058816K
  class space    used 1001K, capacity 1039K, committed 1152K, reserved 1048576K
}
Event: 1.145 GC heap after
{Heap after GC invocations=2 (full 0):
 garbage-first heap   total 131072K, used 3813K [0x0000000080000000, 0x0000000100000000)
  region size 1024K, 1 young (1024K), 1 survivors (1024K)
 Metaspace       used 10414K, capacity 10533K, committed 10880K, reserved 1058816K
  class space    used 1001K, capacity 1039K, committed 1152K, reserved 1048576K
}
Event: 1.891 GC heap before
{Heap before GC invocations=2 (full 0):
 garbage-first heap   total 131072K, used 14053K [0x0000000080000000, 0x0000000100000000)
  region size 1024K, 12 young (12288K), 1 survivors (1024K)
 Metaspace       used 14093K, capacity 14343K, committed 14464K, reserved 1062912K
  class space    used 1482K, capacity 1572K, committed 1664K, reserved 1048576K
}
Event: 1.896 GC heap after
{Heap after GC invocations=3 (full 0):
 garbage-first heap   total 131072K, used 4751K [0x0000000080000000, 0x0000000100000000)
  region size 1024K, 2 young (2048K), 2 survivors (2048K)
 Metaspace       used 14093K, capacity 14343K, committed 14464K, reserved 1062912K
  class space    used 1482K, capacity 1572K, committed 1664K, reserved 1048576K
}
Event: 2.451 GC heap before
{Heap before GC invocations=3 (full 0):
 garbage-first heap   total 131072K, used 24207K [0x0000000080000000, 0x0000000100000000)
  region size 1024K, 21 young (21504K), 2 survivors (2048K)
 Metaspace       used 18442K, capacity 18755K, committed 18816K, reserved 1067008K
  class space    used 2012K, capacity 2128K, committed 2176K, reserved 1048576K
}
Event: 2.458 GC heap after
{Heap after GC invocations=4 (full 0):
 garbage-first heap   total 131072K, used 5389K [0x0000000080000000, 0x0000000100000000)
  region size 1024K, 2 young (2048K), 2 survivors (2048K)
 Metaspace       used 18442K, capacity 18755K, committed 18816K, reserved 1067008K
  class space    used 2012K, capacity 2128K, committed 2176K, reserved 1048576K
}
Event: 2.834 GC heap before
{Heap before GC invocations=4 (full 0):
 garbage-first heap   total 131072K, used 15629K [0x0000000080000000, 0x0000000100000000)
  region size 1024K, 13 young (13312K), 2 survivors (2048K)
 Metaspace       used 20811K, capacity 21162K, committed 21296K, reserved 1069056K
  class space    used 2263K, capacity 2397K, committed 2432K, reserved 1048576K
}

