# JRE version: Java(TM) SE Runtime Environment 18.9 (11.0.15+8) (build 11.0.15+8-LTS-149)
# Java VM: Java HotSpot(TM) 64-Bit Server VM 18.9 (11.0.15+8-LTS-149, mixed mode, tiered, compressed oops, g1 gc, windows-amd64)
Heap:
 garbage-first heap   total 197632K, used 56735K [0x0000000080000000, 0x0000000100000000)
  region size 1024K, 47 young (48128K), 3 survivors (3072K)
 Metaspace       used 38306K, capacity 39361K, committed 39552K, reserved 1083392K
  class space    used 4433K, capacity 4892K, committed 4992K, reserved 1048576K
GC Heap History (10 events):
Event: 3.339 GC heap before
{Heap before GC invocations=6 (full 0):
 garbage-first heap   total 157696K, used 36268K [0x0000000080000000, 0x0000000100000000)
  region size 1024K, 33 young (33792K), 3 survivors (3072K)
 Metaspace       used 24903K, capacity 25509K, committed 25600K, reserved 1071104K
  class space    used 2791K, capacity 3054K, committed 3072K, reserved 1048576K
}
Event: 3.356 GC heap after
{Heap after GC invocations=7 (full 0):
 garbage-first heap   total 157696K, used 8080K [0x0000000080000000, 0x0000000100000000)
  region size 1024K, 4 young (4096K), 4 survivors (4096K)
 Metaspace       used 24903K, capacity 25509K, committed 25600K, reserved 1071104K
  class space    used 2791K, capacity 3054K, committed 3072K, reserved 1048576K
}
Event: 5.264 GC heap before
{Heap before GC invocations=7 (full 0):
 garbage-first heap   total 157696K, used 57232K [0x0000000080000000, 0x0000000100000000)
  region size 1024K, 52 young (53248K), 4 survivors (4096K)
 Metaspace       used 33315K, capacity 34229K, committed 34432K, reserved 1079296K
  class space    used 3848K, capacity 4209K, committed 4224K, reserved 1048576K
}
Event: 5.289 GC heap after
{Heap after GC invocations=8 (full 0):
 garbage-first heap   total 157696K, used 11052K [0x0000000080000000, 0x0000000100000000)
  region size 1024K, 6 young (6144K), 6 survivors (6144K)
 Metaspace       used 33315K, capacity 34229K, committed 34432K, reserved 1079296K
  class space    used 3848K, capacity 4209K, committed 4224K, reserved 1048576K
}
Event: 5.695 GC heap before
{Heap before GC invocations=8 (full 0):
 garbage-first heap   total 157696K, used 23340K [0x0000000080000000, 0x0000000100000000)
  region size 1024K, 19 young (19456K), 6 survivors (6144K)
 Metaspace       used 34883K, capacity 35798K, committed 35840K, reserved 1081344K
  class space    used 4055K, capacity 4448K, committed 4480K, reserved 1048576K
}
Event: 5.714 GC heap after
{Heap after GC invocations=9 (full 0):
 garbage-first heap   total 157696K, used 12491K [0x0000000080000000, 0x0000000100000000)
  region size 1024K, 6 young (6144K), 6 survivors (6144K)
 Metaspace       used 34883K, capacity 35798K, committed 35840K, reserved 1081344K
  class space    used 4055K, capacity 4448K, committed 4480K, reserved 1048576K
}
Event: 1302.656 GC heap before
{Heap before GC invocations=10 (full 0):
 garbage-first heap   total 157696K, used 68811K [0x0000000080000000, 0x0000000100000000)
  region size 1024K, 61 young (62464K), 6 survivors (6144K)
 Metaspace       used 37817K, capacity 38879K, committed 38912K, reserved 1083392K
  class space    used 4432K, capacity 4860K, committed 4864K, reserved 1048576K
}
Event: 1302.678 GC heap after
{Heap after GC invocations=11 (full 0):
 garbage-first heap   total 197632K, used 12920K [0x0000000080000000, 0x0000000100000000)
  region size 1024K, 3 young (3072K), 3 survivors (3072K)
 Metaspace       used 37817K, capacity 38879K, committed 38912K, reserved 1083392K
  class space    used 4432K, capacity 4860K, committed 4864K, reserved 1048576K
}
Event: 3759.007 GC heap before
{Heap before GC invocations=11 (full 0):
 garbage-first heap   total 197632K, used 88696K [0x0000000080000000, 0x0000000100000000)
  region size 1024K, 77 young (78848K), 3 survivors (3072K)
 Metaspace       used 38250K, capacity 39265K, committed 39424K, reserved 1083392K
  class space    used 4432K, capacity 4860K, committed 4864K, reserved 1048576K
}
Event: 3759.015 GC heap after
{Heap after GC invocations=12 (full 0):
 garbage-first heap   total 197632K, used 12703K [0x0000000080000000, 0x0000000100000000)
  region size 1024K, 3 young (3072K), 3 survivors (3072K)
 Metaspace       used 38250K, capacity 39265K, committed 39424K, reserved 1083392K
  class space    used 4432K, capacity 4860K, committed 4864K, reserved 1048576K
}

